11:56:47,433 INFO  [org.springframework.extensions.surf.AutowireService] Autowire Mode - development
11:56:47,434 INFO  [org.springframework.extensions.surf.AutowireService] Autowire Runtime - webapp
11:56:47,436 INFO  [org.springframework.extensions.surf.AutowireService] Search Path: org.springframework.extensions.webscripts.SearchPath@730bea0 = ['classpath*:surf/templates','classpath*:surf/webscripts','classpath*:alfresco/site-webscripts','webapp:/WEB-INF']
11:56:47,436 INFO  [org.springframework.extensions.surf.AutowireService] Search Path: org.springframework.extensions.webscripts.SearchPath@3a2546d6 = ['classpath*:surf/webscripts','classpath*:alfresco/site-webscripts','webapp:/WEB-INF']
11:56:47,436 INFO  [org.springframework.extensions.surf.AutowireService] Persister: [org.springframework.extensions.surf.persister.StoreObjectPersister ID: webframework.sitedata.persister.classpath PathPrefix: /${objectTypeIds} Store: classpath*:surf/site, org.springframework.extensions.surf.persister.StoreObjectPersister ID: webframework.sitedata.persister.classpath.alfresco-custom PathPrefix: /${objectTypeIds} Store: classpath*:alfresco/web-extension/site-data, org.springframework.extensions.surf.persister.StoreObjectPersister ID: webframework.sitedata.persister.alfresco-classpath PathPrefix: /${objectTypeIds} Store: classpath*:alfresco/site-data, org.springframework.extensions.surf.persister.ReadOnlyStoreObjectPersister ID: webframework.webinf.persister.root PathPrefix: /WEB-INF/site/${objectTypeIds} Store: webapp:/] = ['webframework.sitedata.persister.classpath','webframework.sitedata.persister.classpath.alfresco-custom','webframework.sitedata.persister.alfresco-classpath','webframework.webinf.persister.root',]
11:56:47,519 INFO  [org.springframework.extensions.surf.persister.ReadOnlyStoreObjectPersister] Store missing for persister: webframework.sitedata.persister.classpath.alfresco-custom
11:56:49,683 INFO  [org.springframework.extensions.webscripts.TemplateProcessorRegistry] Registered template processor freemarker for extension ftl
11:56:49,698 INFO  [org.springframework.extensions.webscripts.ScriptProcessorRegistry] Registered script processor javascript for extension js
11:56:49,699 INFO  [org.springframework.extensions.webscripts.TemplateProcessorRegistry] Registered template processor freemarker for extension ftl
11:56:49,715 INFO  [org.springframework.extensions.webscripts.ScriptProcessorRegistry] Registered script processor javascript for extension js
11:56:50,917 INFO  [org.springframework.extensions.webscripts.DeclarativeRegistry] Registered 56 Web Scripts (+0 failed), 65 URLs
11:56:50,918 INFO  [org.springframework.extensions.webscripts.DeclarativeRegistry] Registered 8 Package Description Documents (+0 failed) 
11:56:50,918 INFO  [org.springframework.extensions.webscripts.DeclarativeRegistry] Registered 0 Schema Description Documents (+0 failed) 
11:56:50,933 INFO  [org.springframework.extensions.webscripts.AbstractRuntimeContainer] Initialised Surf Container Web Script Container (in 1215.4579ms)
11:56:50,939 INFO  [org.springframework.extensions.webscripts.TemplateProcessorRegistry] Registered template processor freemarker for extension ftl
11:56:50,940 INFO  [org.springframework.extensions.webscripts.ScriptProcessorRegistry] Registered script processor javascript for extension js
13:59:49,692 INFO  [org.springframework.extensions.surf.AutowireService] Autowire Mode - development
13:59:49,694 INFO  [org.springframework.extensions.surf.AutowireService] Autowire Runtime - webapp
13:59:49,696 INFO  [org.springframework.extensions.surf.AutowireService] Search Path: org.springframework.extensions.webscripts.SearchPath@21516c88 = ['classpath*:surf/templates','classpath*:surf/webscripts','classpath*:alfresco/site-webscripts','webapp:/WEB-INF']
13:59:49,696 INFO  [org.springframework.extensions.surf.AutowireService] Search Path: org.springframework.extensions.webscripts.SearchPath@5db0003d = ['classpath*:surf/webscripts','classpath*:alfresco/site-webscripts','webapp:/WEB-INF']
13:59:49,697 INFO  [org.springframework.extensions.surf.AutowireService] Persister: [org.springframework.extensions.surf.persister.StoreObjectPersister ID: webframework.sitedata.persister.classpath PathPrefix: /${objectTypeIds} Store: classpath*:surf/site, org.springframework.extensions.surf.persister.StoreObjectPersister ID: webframework.sitedata.persister.classpath.alfresco-custom PathPrefix: /${objectTypeIds} Store: classpath*:alfresco/web-extension/site-data, org.springframework.extensions.surf.persister.StoreObjectPersister ID: webframework.sitedata.persister.alfresco-classpath PathPrefix: /${objectTypeIds} Store: classpath*:alfresco/site-data, org.springframework.extensions.surf.persister.ReadOnlyStoreObjectPersister ID: webframework.webinf.persister.root PathPrefix: /WEB-INF/site/${objectTypeIds} Store: webapp:/] = ['webframework.sitedata.persister.classpath','webframework.sitedata.persister.classpath.alfresco-custom','webframework.sitedata.persister.alfresco-classpath','webframework.webinf.persister.root',]
13:59:49,773 INFO  [org.springframework.extensions.surf.persister.ReadOnlyStoreObjectPersister] Store missing for persister: webframework.sitedata.persister.classpath.alfresco-custom
13:59:52,803 INFO  [org.springframework.extensions.webscripts.TemplateProcessorRegistry] Registered template processor freemarker for extension ftl
13:59:52,808 INFO  [org.springframework.extensions.webscripts.ScriptProcessorRegistry] Registered script processor javascript for extension js
13:59:52,809 INFO  [org.springframework.extensions.webscripts.TemplateProcessorRegistry] Registered template processor freemarker for extension ftl
13:59:52,812 INFO  [org.springframework.extensions.webscripts.ScriptProcessorRegistry] Registered script processor javascript for extension js
13:59:54,177 INFO  [org.springframework.extensions.webscripts.DeclarativeRegistry] Registered 57 Web Scripts (+0 failed), 66 URLs
13:59:54,177 INFO  [org.springframework.extensions.webscripts.DeclarativeRegistry] Registered 8 Package Description Documents (+0 failed) 
13:59:54,177 INFO  [org.springframework.extensions.webscripts.DeclarativeRegistry] Registered 0 Schema Description Documents (+0 failed) 
13:59:54,193 INFO  [org.springframework.extensions.webscripts.AbstractRuntimeContainer] Initialised Surf Container Web Script Container (in 1377.6342ms)
13:59:54,197 INFO  [org.springframework.extensions.webscripts.TemplateProcessorRegistry] Registered template processor freemarker for extension ftl
13:59:54,199 INFO  [org.springframework.extensions.webscripts.ScriptProcessorRegistry] Registered script processor javascript for extension js
